# JRE version: OpenJDK Runtime Environment (11.0.13) (build 11.0.13+0-b1751.21-8125866)
# Java VM: OpenJDK 64-Bit Server VM (11.0.13+0-b1751.21-8125866, mixed mode, tiered, compressed oops, g1 gc, windows-amd64)
Heap:
 garbage-first heap   total 262144K, used 206342K [0x0000000080000000, 0x0000000100000000)
  region size 1024K, 26 young (26624K), 4 survivors (4096K)
 Metaspace       used 136023K, capacity 140441K, committed 140676K, reserved 1171456K
  class space    used 17455K, capacity 19063K, committed 19068K, reserved 1048576K
GC Heap History (20 events):
Event: 484.694 GC heap before
{Heap before GC invocations=30 (full 0):
 garbage-first heap   total 262144K, used 186221K [0x0000000080000000, 0x0000000100000000)
  region size 1024K, 27 young (27648K), 1 survivors (1024K)
 Metaspace       used 125454K, capacity 129291K, committed 129668K, reserved 1161216K
  class space    used 16207K, capacity 17652K, committed 17788K, reserved 1048576K
}
Event: 484.699 GC heap after
{Heap after GC invocations=31 (full 0):
 garbage-first heap   total 262144K, used 164840K [0x0000000080000000, 0x0000000100000000)
  region size 1024K, 5 young (5120K), 5 survivors (5120K)
 Metaspace       used 125454K, capacity 129291K, committed 129668K, reserved 1161216K
  class space    used 16207K, capacity 17652K, committed 17788K, reserved 1048576K
}
Event: 485.305 GC heap before
{Heap before GC invocations=32 (full 0):
 garbage-first heap   total 262144K, used 222184K [0x0000000080000000, 0x0000000100000000)
  region size 1024K, 44 young (45056K), 5 survivors (5120K)
 Metaspace       used 126580K, capacity 130575K, committed 130820K, reserved 1163264K
  class space    used 16364K, capacity 17826K, committed 17916K, reserved 1048576K
}
Event: 485.313 GC heap after
{Heap after GC invocations=33 (full 0):
 garbage-first heap   total 262144K, used 190301K [0x0000000080000000, 0x0000000100000000)
  region size 1024K, 6 young (6144K), 6 survivors (6144K)
 Metaspace       used 126580K, capacity 130575K, committed 130820K, reserved 1163264K
  class space    used 16364K, capacity 17826K, committed 17916K, reserved 1048576K
}
Event: 485.343 GC heap before
{Heap before GC invocations=33 (full 0):
 garbage-first heap   total 262144K, used 196445K [0x0000000080000000, 0x0000000100000000)
  region size 1024K, 12 young (12288K), 6 survivors (6144K)
 Metaspace       used 126668K, capacity 130715K, committed 130948K, reserved 1163264K
  class space    used 16373K, capacity 17892K, committed 18044K, reserved 1048576K
}
Event: 485.350 GC heap after
{Heap after GC invocations=34 (full 0):
 garbage-first heap   total 262144K, used 179544K [0x0000000080000000, 0x0000000100000000)
  region size 1024K, 1 young (1024K), 1 survivors (1024K)
 Metaspace       used 126668K, capacity 130715K, committed 130948K, reserved 1163264K
  class space    used 16373K, capacity 17892K, committed 18044K, reserved 1048576K
}
Event: 485.477 GC heap before
{Heap before GC invocations=34 (full 0):
 garbage-first heap   total 262144K, used 214360K [0x0000000080000000, 0x0000000100000000)
  region size 1024K, 35 young (35840K), 1 survivors (1024K)
 Metaspace       used 127578K, capacity 131579K, committed 131716K, reserved 1163264K
  class space    used 16491K, capacity 17988K, committed 18044K, reserved 1048576K
}
Event: 485.480 GC heap after
{Heap after GC invocations=35 (full 0):
 garbage-first heap   total 262144K, used 179680K [0x0000000080000000, 0x0000000100000000)
  region size 1024K, 1 young (1024K), 1 survivors (1024K)
 Metaspace       used 127578K, capacity 131579K, committed 131716K, reserved 1163264K
  class space    used 16491K, capacity 17988K, committed 18044K, reserved 1048576K
}
Event: 485.836 GC heap before
{Heap before GC invocations=36 (full 0):
 garbage-first heap   total 262144K, used 216544K [0x0000000080000000, 0x0000000100000000)
  region size 1024K, 37 young (37888K), 1 survivors (1024K)
 Metaspace       used 128843K, capacity 132909K, committed 133252K, reserved 1165312K
  class space    used 16674K, capacity 18170K, committed 18300K, reserved 1048576K
}
Event: 485.841 GC heap after
{Heap after GC invocations=37 (full 0):
 garbage-first heap   total 262144K, used 180893K [0x0000000080000000, 0x0000000100000000)
  region size 1024K, 2 young (2048K), 2 survivors (2048K)
 Metaspace       used 128843K, capacity 132909K, committed 133252K, reserved 1165312K
  class space    used 16674K, capacity 18170K, committed 18300K, reserved 1048576K
}
Event: 485.873 GC heap before
{Heap before GC invocations=37 (full 0):
 garbage-first heap   total 262144K, used 191133K [0x0000000080000000, 0x0000000100000000)
  region size 1024K, 12 young (12288K), 2 survivors (2048K)
 Metaspace       used 129179K, capacity 133261K, committed 133508K, reserved 1165312K
  class space    used 16706K, capacity 18202K, committed 18300K, reserved 1048576K
}
Event: 485.878 GC heap after
{Heap after GC invocations=38 (full 0):
 garbage-first heap   total 262144K, used 179442K [0x0000000080000000, 0x0000000100000000)
  region size 1024K, 1 young (1024K), 1 survivors (1024K)
 Metaspace       used 129179K, capacity 133261K, committed 133508K, reserved 1165312K
  class space    used 16706K, capacity 18202K, committed 18300K, reserved 1048576K
}
Event: 485.979 GC heap before
{Heap before GC invocations=38 (full 0):
 garbage-first heap   total 262144K, used 197874K [0x0000000080000000, 0x0000000100000000)
  region size 1024K, 20 young (20480K), 1 survivors (1024K)
 Metaspace       used 130092K, capacity 134125K, committed 134404K, reserved 1165312K
  class space    used 16814K, capacity 18298K, committed 18428K, reserved 1048576K
}
Event: 485.982 GC heap after
{Heap after GC invocations=39 (full 0):
 garbage-first heap   total 262144K, used 179987K [0x0000000080000000, 0x0000000100000000)
  region size 1024K, 1 young (1024K), 1 survivors (1024K)
 Metaspace       used 130092K, capacity 134125K, committed 134404K, reserved 1165312K
  class space    used 16814K, capacity 18298K, committed 18428K, reserved 1048576K
}
Event: 486.571 GC heap before
{Heap before GC invocations=40 (full 0):
 garbage-first heap   total 262144K, used 221971K [0x0000000080000000, 0x0000000100000000)
  region size 1024K, 41 young (41984K), 1 survivors (1024K)
 Metaspace       used 134097K, capacity 138176K, committed 138372K, reserved 1169408K
  class space    used 17194K, capacity 18726K, committed 18812K, reserved 1048576K
}
Event: 486.577 GC heap after
{Heap after GC invocations=41 (full 0):
 garbage-first heap   total 262144K, used 183227K [0x0000000080000000, 0x0000000100000000)
  region size 1024K, 4 young (4096K), 4 survivors (4096K)
 Metaspace       used 134097K, capacity 138176K, committed 138372K, reserved 1169408K
  class space    used 17194K, capacity 18726K, committed 18812K, reserved 1048576K
}
Event: 486.645 GC heap before
{Heap before GC invocations=41 (full 0):
 garbage-first heap   total 262144K, used 190395K [0x0000000080000000, 0x0000000100000000)
  region size 1024K, 12 young (12288K), 4 survivors (4096K)
 Metaspace       used 134303K, capacity 138336K, committed 138628K, reserved 1169408K
  class space    used 17224K, capacity 18758K, committed 18812K, reserved 1048576K
}
Event: 486.652 GC heap after
{Heap after GC invocations=42 (full 0):
 garbage-first heap   total 262144K, used 183698K [0x0000000080000000, 0x0000000100000000)
  region size 1024K, 1 young (1024K), 1 survivors (1024K)
 Metaspace       used 134303K, capacity 138336K, committed 138628K, reserved 1169408K
  class space    used 17224K, capacity 18758K, committed 18812K, reserved 1048576K
}
Event: 487.280 GC heap before
{Heap before GC invocations=42 (full 0):
 garbage-first heap   total 262144K, used 220562K [0x0000000080000000, 0x0000000100000000)
  region size 1024K, 38 young (38912K), 1 survivors (1024K)
 Metaspace       used 134994K, capacity 138992K, committed 139268K, reserved 1169408K
  class space    used 17303K, capacity 18823K, committed 18940K, reserved 1048576K
}
Event: 487.287 GC heap after
{Heap after GC invocations=43 (full 0):
 garbage-first heap   total 262144K, used 185862K [0x0000000080000000, 0x0000000100000000)
  region size 1024K, 4 young (4096K), 4 survivors (4096K)
 Metaspace       used 134994K, capacity 138992K, committed 139268K, reserved 1169408K
  class space    used 17303K, capacity 18823K, committed 18940K, reserved 1048576K
}

