# JRE version: OpenJDK Runtime Environment (11.0.13) (build 11.0.13+0-b1751.21-8125866)
# Java VM: OpenJDK 64-Bit Server VM (11.0.13+0-b1751.21-8125866, mixed mode, tiered, compressed oops, g1 gc, windows-amd64)
Heap:
 garbage-first heap   total 315392K, used 42904K [0x0000000700c00000, 0x0000000800000000)
  region size 1024K, 11 young (11264K), 11 survivors (11264K)
 Metaspace       used 52969K, capacity 53477K, committed 53632K, reserved 1097728K
  class space    used 6044K, capacity 6260K, committed 6272K, reserved 1048576K
GC Heap History (11 events):
Event: 0.540 GC heap before
{Heap before GC invocations=0 (full 0):
 garbage-first heap   total 262144K, used 28672K [0x0000000700c00000, 0x0000000800000000)
  region size 1024K, 24 young (24576K), 0 survivors (0K)
 Metaspace       used 12351K, capacity 12522K, committed 12672K, reserved 1060864K
  class space    used 1105K, capacity 1149K, committed 1152K, reserved 1048576K
}
Event: 0.543 GC heap after
{Heap after GC invocations=1 (full 0):
 garbage-first heap   total 262144K, used 7363K [0x0000000700c00000, 0x0000000800000000)
  region size 1024K, 3 young (3072K), 3 survivors (3072K)
 Metaspace       used 12351K, capacity 12522K, committed 12672K, reserved 1060864K
  class space    used 1105K, capacity 1149K, committed 1152K, reserved 1048576K
}
Event: 1.140 GC heap before
{Heap before GC invocations=1 (full 0):
 garbage-first heap   total 262144K, used 43203K [0x0000000700c00000, 0x0000000800000000)
  region size 1024K, 39 young (39936K), 3 survivors (3072K)
 Metaspace       used 20958K, capacity 21185K, committed 21248K, reserved 1069056K
  class space    used 2206K, capacity 2299K, committed 2304K, reserved 1048576K
}
Event: 1.151 GC heap after
{Heap after GC invocations=2 (full 0):
 garbage-first heap   total 262144K, used 11044K [0x0000000700c00000, 0x0000000800000000)
  region size 1024K, 7 young (7168K), 7 survivors (7168K)
 Metaspace       used 20958K, capacity 21185K, committed 21248K, reserved 1069056K
  class space    used 2206K, capacity 2299K, committed 2304K, reserved 1048576K
}
Event: 1.880 GC heap before
{Heap before GC invocations=3 (full 0):
 garbage-first heap   total 262144K, used 66340K [0x0000000700c00000, 0x0000000800000000)
  region size 1024K, 55 young (56320K), 7 survivors (7168K)
 Metaspace       used 32345K, capacity 32763K, committed 32896K, reserved 1077248K
  class space    used 4005K, capacity 4177K, committed 4224K, reserved 1048576K
}
Event: 1.890 GC heap after
{Heap after GC invocations=4 (full 0):
 garbage-first heap   total 262144K, used 22850K [0x0000000700c00000, 0x0000000800000000)
  region size 1024K, 7 young (7168K), 7 survivors (7168K)
 Metaspace       used 32345K, capacity 32763K, committed 32896K, reserved 1077248K
  class space    used 4005K, capacity 4177K, committed 4224K, reserved 1048576K
}
Event: 2.091 GC heap before
{Heap before GC invocations=4 (full 0):
 garbage-first heap   total 262144K, used 38210K [0x0000000700c00000, 0x0000000800000000)
  region size 1024K, 23 young (23552K), 7 survivors (7168K)
 Metaspace       used 35366K, capacity 35717K, committed 35840K, reserved 1081344K
  class space    used 4340K, capacity 4501K, committed 4608K, reserved 1048576K
}
Event: 2.097 GC heap after
{Heap after GC invocations=5 (full 0):
 garbage-first heap   total 262144K, used 25081K [0x0000000700c00000, 0x0000000800000000)
  region size 1024K, 2 young (2048K), 2 survivors (2048K)
 Metaspace       used 35366K, capacity 35717K, committed 35840K, reserved 1081344K
  class space    used 4340K, capacity 4501K, committed 4608K, reserved 1048576K
}
Event: 2.965 GC heap before
{Heap before GC invocations=6 (full 0):
 garbage-first heap   total 262144K, used 90617K [0x0000000700c00000, 0x0000000800000000)
  region size 1024K, 64 young (65536K), 2 survivors (2048K)
 Metaspace       used 47484K, capacity 47959K, committed 48128K, reserved 1091584K
  class space    used 5605K, capacity 5809K, committed 5888K, reserved 1048576K
}
Event: 2.972 GC heap after
{Heap after GC invocations=7 (full 0):
 garbage-first heap   total 262144K, used 32132K [0x0000000700c00000, 0x0000000800000000)
  region size 1024K, 8 young (8192K), 8 survivors (8192K)
 Metaspace       used 47484K, capacity 47959K, committed 48128K, reserved 1091584K
  class space    used 5605K, capacity 5809K, committed 5888K, reserved 1048576K
}
Event: 4.039 GC heap before
{Heap before GC invocations=7 (full 0):
 garbage-first heap   total 262144K, used 123268K [0x0000000700c00000, 0x0000000800000000)
  region size 1024K, 96 young (98304K), 8 survivors (8192K)
 Metaspace       used 52969K, capacity 53477K, committed 53632K, reserved 1097728K
  class space    used 6044K, capacity 6260K, committed 6272K, reserved 1048576K
}

